<?xml version="1.0" encoding="UTF-8"?>
<robot generator="Robot 3.2.2 (Python 3.9.1 on win32)" generated="20210325 12:43:19.743" rpa="false">
<suite id="s1" name="OpenEmr" source="D:\B-Mine\Company\Company\Ericsson\robot_workpace\OpenEmr">
<suite id="s1-s1" name="PatientSuite" source="D:\B-Mine\Company\Company\Ericsson\robot_workpace\OpenEmr\PatientSuite">
<suite id="s1-s1-s1" name="Verify Add Patient Tests" source="D:\B-Mine\Company\Company\Ericsson\robot_workpace\OpenEmr\PatientSuite\verify_add_patient_tests.robot">
<test id="s1-s1-s1-t1" name="Verify_Add_Patient_Test_admin">
<kw name="Launch_Browser" library="common_functionality" type="setup">
<kw name="Append To Environment Variable" library="OperatingSystem">
<doc>Appends given ``values`` to environment variable ``name``.</doc>
<arguments>
<arg>PATH</arg>
<arg>${EXECDIR}${/}driver</arg>
</arguments>
<msg timestamp="20210325 12:43:21.242" level="INFO">Environment variable 'PATH' set to value 'C:/Users/JiDi/.p2/pool/plugins/org.eclipse.justj.openjdk.hotspot.jre.full.win32.x86_64_15.0.2.v20210201-0955/jre/bin/server;C:/Users/JiDi/.p2/pool/plugins/org.eclipse.justj.openjdk.hotspot.jre.full.win32.x86_64_15.0.2.v20210201-0955/jre/bin;C:\Program Files (x86)\Common Files\Oracle\Java\javapath;C:\WINDOWS\system32;C:\WINDOWS;C:\WINDOWS\System32\Wbem;C:\WINDOWS\System32\WindowsPowerShell\v1.0\;C:\WINDOWS\System32\OpenSSH\;C:\Program Files\Java\jdk1.8.0_281\bin;C:\Users\JiDi\AppData\Local\Android\Sdk\platform-tools;C:\Users\JiDi\AppData\Local\Android\Sdk\emulator;C:\Program Files\nodejs\;C:\Components\Maven\apache-maven-3.6.3\bin;C:\Program Files\Java\jdk1.8.0_281\bin;C:\Program Files\Git\cmd;C:\Program Files (x86)\Windows Kits\10\Windows Performance Toolkit\;C:\Program Files\Python39;C:\Program Files\Python39\Scripts;C:\Users\JiDi\AppData\Roaming\npm;;C:\Users\JiDi\Desktop;;D:\B-Mine\Company\Company\Ericsson\robot_workpace\OpenEmr\driver'.</msg>
<status status="PASS" starttime="20210325 12:43:21.234" endtime="20210325 12:43:21.242"></status>
</kw>
<kw name="Open Browser" library="SeleniumLibrary">
<doc>Opens a new browser instance to the optional ``url``.</doc>
<arguments>
<arg>browser=${BROWSER}</arg>
</arguments>
<msg timestamp="20210325 12:43:21.249" level="INFO">Opening browser 'chrome' to base url 'None'.</msg>
<status status="PASS" starttime="20210325 12:43:21.242" endtime="20210325 12:43:22.604"></status>
</kw>
<kw name="Maximize Browser Window" library="SeleniumLibrary">
<doc>Maximizes current browser window.</doc>
<status status="PASS" starttime="20210325 12:43:22.604" endtime="20210325 12:43:22.731"></status>
</kw>
<kw name="Go To" library="SeleniumLibrary">
<doc>Navigates the current browser window to the provided ``url``.</doc>
<arguments>
<arg>url=${URL}</arg>
</arguments>
<msg timestamp="20210325 12:43:22.758" level="INFO">Opening url 'https://demo.openemr.io/b/openemr/interface/login/login.php?site=default'</msg>
<status status="PASS" starttime="20210325 12:43:22.735" endtime="20210325 12:43:26.382"></status>
</kw>
<kw name="Set Selenium Implicit Wait" library="SeleniumLibrary">
<doc>Sets the implicit wait value used by Selenium.</doc>
<arguments>
<arg>30s</arg>
</arguments>
<status status="PASS" starttime="20210325 12:43:26.383" endtime="20210325 12:43:26.397"></status>
</kw>
<kw name="Set Selenium Timeout" library="SeleniumLibrary">
<doc>Sets the timeout that is used by various keywords.</doc>
<arguments>
<arg>50s</arg>
</arguments>
<status status="PASS" starttime="20210325 12:43:26.398" endtime="20210325 12:43:26.412"></status>
</kw>
<status status="PASS" starttime="20210325 12:43:21.222" endtime="20210325 12:43:26.413"></status>
</kw>
<kw name="Verify_Add_Patient_Template">
<arguments>
<arg>admin</arg>
<arg>pass</arg>
<arg>English (Indian)</arg>
<arg>bala</arg>
<arg>dina</arg>
<arg>2021-03-28</arg>
<arg>Male</arg>
<arg>New Due</arg>
<arg>Bala Dina</arg>
</arguments>
<kw name="Enter_Username" library="LoginPage">
<arguments>
<arg>${username}</arg>
</arguments>
<kw name="Input Text" library="SeleniumLibrary">
<doc>Types the given ``text`` into the text field identified by ``locator``.</doc>
<arguments>
<arg>${USERNAME_LOCATOR}</arg>
<arg>${username}</arg>
</arguments>
<msg timestamp="20210325 12:43:53.686" level="INFO">Typing text 'admin' into text field 'xpath=//input[@id='authUser']'.</msg>
<status status="PASS" starttime="20210325 12:43:53.679" endtime="20210325 12:43:53.801"></status>
</kw>
<status status="PASS" starttime="20210325 12:43:31.867" endtime="20210325 12:43:53.802"></status>
</kw>
<kw name="Enter_Password" library="LoginPage">
<arguments>
<arg>${password}</arg>
</arguments>
<kw name="Input Password" library="SeleniumLibrary">
<doc>Types the given password into the text field identified by ``locator``.</doc>
<arguments>
<arg>${PASSWORD_LOCATOR}</arg>
<arg>${password}</arg>
</arguments>
<msg timestamp="20210325 12:43:53.820" level="INFO">Typing password into text field 'id=clearPass'.</msg>
<msg timestamp="20210325 12:43:53.867" level="INFO">Temporally setting log level to: NONE</msg>
<msg timestamp="20210325 12:43:53.913" level="INFO">Log level changed from NONE to INFO.</msg>
<status status="PASS" starttime="20210325 12:43:53.811" endtime="20210325 12:43:53.913"></status>
</kw>
<status status="PASS" starttime="20210325 12:43:53.803" endtime="20210325 12:43:53.914"></status>
</kw>
<kw name="Select_Language_Using_Label" library="LoginPage">
<arguments>
<arg>${language}</arg>
</arguments>
<kw name="Select From List By Label" library="SeleniumLibrary">
<doc>Selects options from selection list ``locator`` by ``labels``.</doc>
<arguments>
<arg>${LANGUAGE_LOCATOR}</arg>
<arg>${language}</arg>
</arguments>
<msg timestamp="20210325 12:43:53.930" level="INFO">Selecting options from selection list 'name=languageChoice' by label English (Indian).</msg>
<status status="PASS" starttime="20210325 12:43:53.922" endtime="20210325 12:43:54.015"></status>
</kw>
<status status="PASS" starttime="20210325 12:43:53.914" endtime="20210325 12:43:54.016"></status>
</kw>
<kw name="Click_Login" library="LoginPage">
<kw name="Click Element" library="SeleniumLibrary">
<doc>Click the element identified by ``locator``.</doc>
<arguments>
<arg>${LOGIN_LOCATOR}</arg>
</arguments>
<msg timestamp="20210325 12:43:54.030" level="INFO">Clicking element 'xpath=//button[@type='submit']'.</msg>
<status status="PASS" starttime="20210325 12:43:54.024" endtime="20210325 12:43:57.497"></status>
</kw>
<status status="PASS" starttime="20210325 12:43:54.016" endtime="20210325 12:43:57.498"></status>
</kw>
<kw name="Mouse Over" library="SeleniumLibrary">
<doc>Simulates hovering the mouse over the element ``locator``.</doc>
<arguments>
<arg>xpath=//div[text()='Patient/Client']</arg>
</arguments>
<msg timestamp="20210325 12:43:57.506" level="INFO">Simulating Mouse Over on element 'xpath=//div[text()='Patient/Client']'.</msg>
<status status="PASS" starttime="20210325 12:43:57.499" endtime="20210325 12:43:57.794"></status>
</kw>
<kw name="Click Element" library="SeleniumLibrary">
<doc>Click the element identified by ``locator``.</doc>
<arguments>
<arg>xpath=//div[text()='Patients']</arg>
</arguments>
<msg timestamp="20210325 12:43:57.798" level="INFO">Clicking element 'xpath=//div[text()='Patients']'.</msg>
<status status="PASS" starttime="20210325 12:43:57.795" endtime="20210325 12:43:57.878"></status>
</kw>
<kw name="Select Frame" library="SeleniumLibrary">
<doc>Sets frame identified by ``locator`` as the current frame.</doc>
<arguments>
<arg>xpath=//iframe[@name='fin']</arg>
</arguments>
<msg timestamp="20210325 12:43:57.886" level="INFO">Selecting frame 'xpath=//iframe[@name='fin']'.</msg>
<status status="PASS" starttime="20210325 12:43:57.879" endtime="20210325 12:43:58.698"></status>
</kw>
<kw name="Click Element" library="SeleniumLibrary">
<doc>Click the element identified by ``locator``.</doc>
<arguments>
<arg>id=create_patient_btn1</arg>
</arguments>
<msg timestamp="20210325 12:43:58.701" level="INFO">Clicking element 'id=create_patient_btn1'.</msg>
<status status="PASS" starttime="20210325 12:43:58.699" endtime="20210325 12:43:58.887"></status>
</kw>
<kw name="Unselect Frame" library="SeleniumLibrary">
<doc>Sets the main frame as the current frame.</doc>
<status status="PASS" starttime="20210325 12:43:58.888" endtime="20210325 12:43:58.899"></status>
</kw>
<kw name="Select Frame" library="SeleniumLibrary">
<doc>Sets frame identified by ``locator`` as the current frame.</doc>
<arguments>
<arg>xpath=//iframe[@name='pat']</arg>
</arguments>
<msg timestamp="20210325 12:43:58.903" level="INFO">Selecting frame 'xpath=//iframe[@name='pat']'.</msg>
<status status="PASS" starttime="20210325 12:43:58.900" endtime="20210325 12:43:59.676"></status>
</kw>
<kw name="Input Text" library="SeleniumLibrary">
<doc>Types the given ``text`` into the text field identified by ``locator``.</doc>
<arguments>
<arg>id=form_fname</arg>
<arg>${firstname}</arg>
</arguments>
<msg timestamp="20210325 12:43:59.679" level="INFO">Typing text 'bala' into text field 'id=form_fname'.</msg>
<status status="PASS" starttime="20210325 12:43:59.677" endtime="20210325 12:43:59.932"></status>
</kw>
<kw name="Input Text" library="SeleniumLibrary">
<doc>Types the given ``text`` into the text field identified by ``locator``.</doc>
<arguments>
<arg>id=form_lname</arg>
<arg>${lastname}</arg>
</arguments>
<msg timestamp="20210325 12:43:59.934" level="INFO">Typing text 'dina' into text field 'id=form_lname'.</msg>
<status status="PASS" starttime="20210325 12:43:59.932" endtime="20210325 12:44:00.075"></status>
</kw>
<kw name="Input Text" library="SeleniumLibrary">
<doc>Types the given ``text`` into the text field identified by ``locator``.</doc>
<arguments>
<arg>id=form_DOB</arg>
<arg>${dob}</arg>
</arguments>
<msg timestamp="20210325 12:44:00.079" level="INFO">Typing text '2021-03-28' into text field 'id=form_DOB'.</msg>
<status status="PASS" starttime="20210325 12:44:00.076" endtime="20210325 12:44:00.228"></status>
</kw>
<kw name="Select From List By Label" library="SeleniumLibrary">
<doc>Selects options from selection list ``locator`` by ``labels``.</doc>
<arguments>
<arg>id=form_sex</arg>
<arg>${gender}</arg>
</arguments>
<msg timestamp="20210325 12:44:00.232" level="INFO">Selecting options from selection list 'id=form_sex' by label Male.</msg>
<status status="PASS" starttime="20210325 12:44:00.229" endtime="20210325 12:44:00.376"></status>
</kw>
<kw name="Click Element" library="SeleniumLibrary">
<doc>Click the element identified by ``locator``.</doc>
<arguments>
<arg>id=create</arg>
</arguments>
<msg timestamp="20210325 12:44:00.380" level="INFO">Clicking element 'id=create'.</msg>
<status status="PASS" starttime="20210325 12:44:00.377" endtime="20210325 12:44:00.603"></status>
</kw>
<kw name="Unselect Frame" library="SeleniumLibrary">
<doc>Sets the main frame as the current frame.</doc>
<status status="PASS" starttime="20210325 12:44:00.604" endtime="20210325 12:44:00.627"></status>
</kw>
<kw name="Set Selenium Speed" library="SeleniumLibrary">
<doc>Sets the delay that is waited after each Selenium command.</doc>
<arguments>
<arg>1s</arg>
</arguments>
<status status="PASS" starttime="20210325 12:44:00.628" endtime="20210325 12:44:00.640"></status>
</kw>
<kw name="Select Frame" library="SeleniumLibrary">
<doc>Sets frame identified by ``locator`` as the current frame.</doc>
<arguments>
<arg>//iframe[@id='modalframe']</arg>
</arguments>
<msg timestamp="20210325 12:44:00.645" level="INFO">Selecting frame '//iframe[@id='modalframe']'.</msg>
<status status="PASS" starttime="20210325 12:44:00.641" endtime="20210325 12:44:02.699"></status>
</kw>
<kw name="Click Element" library="SeleniumLibrary">
<doc>Click the element identified by ``locator``.</doc>
<arguments>
<arg>//input[@value='Confirm Create New Patient']</arg>
</arguments>
<msg timestamp="20210325 12:44:02.702" level="INFO">Clicking element '//input[@value='Confirm Create New Patient']'.</msg>
<status status="PASS" starttime="20210325 12:44:02.700" endtime="20210325 12:44:04.796"></status>
</kw>
<kw name="Unselect Frame" library="SeleniumLibrary">
<doc>Sets the main frame as the current frame.</doc>
<status status="PASS" starttime="20210325 12:44:04.797" endtime="20210325 12:44:05.801"></status>
</kw>
<kw name="Handle Alert" library="SeleniumLibrary">
<doc>Handles the current alert and returns its message.</doc>
<arguments>
<arg>timeout=30s</arg>
</arguments>
<assign>
<var>${message}</var>
</assign>
<msg timestamp="20210325 12:44:05.833" level="INFO">HANDLE::&lt;class 'datetime.timedelta'&gt;::0:00:30</msg>
<msg timestamp="20210325 12:44:09.351" level="INFO">${message} = New Due Clinical Reminders  Assessment: Tobacco  (See the Clinical Reminders widget for more details)</msg>
<status status="PASS" starttime="20210325 12:44:05.804" endtime="20210325 12:44:09.351"></status>
</kw>
<kw name="Should Contain" library="BuiltIn">
<doc>Fails if ``container`` does not contain ``item`` one or more times.</doc>
<arguments>
<arg>${message}</arg>
<arg>${expectedalerttext}</arg>
</arguments>
<status status="PASS" starttime="20210325 12:44:09.351" endtime="20210325 12:44:09.358"></status>
</kw>
<kw name="Click Element" library="SeleniumLibrary">
<doc>Click the element identified by ``locator``.</doc>
<arguments>
<arg>//div[@class='closeDlgIframe']</arg>
</arguments>
<msg timestamp="20210325 12:44:09.361" level="INFO">Clicking element '//div[@class='closeDlgIframe']'.</msg>
<kw name="Capture Page Screenshot" library="SeleniumLibrary">
<doc>Takes a screenshot of the current page and embeds it into a log file.</doc>
<msg timestamp="20210325 12:44:41.648" level="INFO" html="yes">&lt;/td&gt;&lt;/tr&gt;&lt;tr&gt;&lt;td colspan="3"&gt;&lt;a href="screenshot/selenium-screenshot-8.png"&gt;&lt;img src="screenshot/selenium-screenshot-8.png" width="800px"&gt;&lt;/a&gt;</msg>
<status status="PASS" starttime="20210325 12:44:40.367" endtime="20210325 12:44:41.649"></status>
</kw>
<msg timestamp="20210325 12:44:41.651" level="FAIL">Element with locator '//div[@class='closeDlgIframe']' not found.</msg>
<status status="FAIL" starttime="20210325 12:44:09.359" endtime="20210325 12:44:41.652"></status>
</kw>
<status status="FAIL" starttime="20210325 12:43:26.414" endtime="20210325 12:44:41.654"></status>
</kw>
<status status="FAIL" starttime="20210325 12:43:21.221" endtime="20210325 12:44:41.655" critical="yes">Element with locator '//div[@class='closeDlgIframe']' not found.</status>
</test>
<doc>This file will add the patient and verifies the added record</doc>
<status status="FAIL" starttime="20210325 12:43:19.823" endtime="20210325 12:44:41.657"></status>
</suite>
<status status="FAIL" starttime="20210325 12:43:19.819" endtime="20210325 12:44:41.660"></status>
</suite>
<status status="FAIL" starttime="20210325 12:43:19.791" endtime="20210325 12:44:41.662"></status>
</suite>
<statistics>
<total>
<stat pass="0" fail="1">Critical Tests</stat>
<stat pass="0" fail="1">All Tests</stat>
</total>
<tag>
</tag>
<suite>
<stat pass="0" fail="1" id="s1" name="OpenEmr">OpenEmr</stat>
<stat pass="0" fail="1" id="s1-s1" name="PatientSuite">OpenEmr.PatientSuite</stat>
<stat pass="0" fail="1" id="s1-s1-s1" name="Verify Add Patient Tests">OpenEmr.PatientSuite.Verify Add Patient Tests</stat>
</suite>
</statistics>
<errors>
</errors>
</robot>
