<?xml version="1.0" encoding="UTF-8"?>
<robot generator="Robot 3.2.2 (Python 3.9.1 on win32)" generated="20210327 04:49:39.234" rpa="false">
<suite id="s1" name="Suites">
<suite id="s1-s1" name="Valid Credential Tests" source="D:\B-Mine\Company\Company\Ericsson\robot_workpace\OpenEmr_Test\LoginSuite\valid_credential_tests.robot">
<test id="s1-s1-t1" name="TC1">
<kw name="Launch_Browser" library="common_functionality" type="setup">
<kw name="Append To Environment Variable" library="OperatingSystem">
<doc>Appends given ``values`` to environment variable ``name``.</doc>
<arguments>
<arg>PATH</arg>
<arg>${EXECDIR}${/}driver</arg>
</arguments>
<msg timestamp="20210327 04:49:39.618" level="INFO">Environment variable 'PATH' set to value 'C:\Program Files (x86)\Common Files\Oracle\Java\javapath;C:\WINDOWS\system32;C:\WINDOWS;C:\WINDOWS\System32\Wbem;C:\WINDOWS\System32\WindowsPowerShell\v1.0\;C:\WINDOWS\System32\OpenSSH\;C:\Program Files\Java\jdk1.8.0_281\bin;C:\Users\JiDi\AppData\Local\Android\Sdk\platform-tools;C:\Users\JiDi\AppData\Local\Android\Sdk\emulator;C:\Program Files\nodejs\;C:\Components\Maven\apache-maven-3.6.3\bin;C:\Program Files\Java\jdk1.8.0_281\bin;C:\Program Files (x86)\Windows Kits\10\Windows Performance Toolkit\;C:\Program Files\Python39;C:\Program Files\Python39\Scripts;C:\Program Files\Git\cmd;C:\Users\JiDi\AppData\Roaming\npm;D:\B-Mine\Company\Company\Ericsson\robot_workpace\OpenEmr_Test\driver'.</msg>
<status status="PASS" starttime="20210327 04:49:39.617" endtime="20210327 04:49:39.618"></status>
</kw>
<kw name="Run Keyword If" library="BuiltIn">
<doc>Runs the given keyword with the given arguments, if ``condition`` is true.</doc>
<arguments>
<arg>'${REMOTEURL}'!='NONE'</arg>
<arg>Open Browser</arg>
<arg>browser=${BROWSER}</arg>
<arg>remote_url=${REMOTEURL}</arg>
<arg>ELSE</arg>
<arg>Open Browser</arg>
<arg>browser=${BROWSER}</arg>
</arguments>
<kw name="Open Browser" library="SeleniumLibrary">
<doc>Opens a new browser instance to the optional ``url``.</doc>
<arguments>
<arg>browser=${BROWSER}</arg>
</arguments>
<msg timestamp="20210327 04:49:39.619" level="INFO">Opening browser 'chrome' to base url 'None'.</msg>
<status status="PASS" starttime="20210327 04:49:39.618" endtime="20210327 04:49:42.188"></status>
</kw>
<status status="PASS" starttime="20210327 04:49:39.618" endtime="20210327 04:49:42.188"></status>
</kw>
<kw name="Maximize Browser Window" library="SeleniumLibrary">
<doc>Maximizes current browser window.</doc>
<status status="PASS" starttime="20210327 04:49:42.188" endtime="20210327 04:49:42.310"></status>
</kw>
<kw name="Go To" library="SeleniumLibrary">
<doc>Navigates the current browser window to the provided ``url``.</doc>
<arguments>
<arg>url=${URL}</arg>
</arguments>
<msg timestamp="20210327 04:49:42.311" level="INFO">Opening url 'https://demo.openemr.io/b/openemr/interface/login/login.php?site=default'</msg>
<status status="PASS" starttime="20210327 04:49:42.310" endtime="20210327 04:49:50.175"></status>
</kw>
<kw name="Set Selenium Implicit Wait" library="SeleniumLibrary">
<doc>Sets the implicit wait value used by Selenium.</doc>
<arguments>
<arg>30s</arg>
</arguments>
<status status="PASS" starttime="20210327 04:49:50.176" endtime="20210327 04:49:50.177"></status>
</kw>
<kw name="Set Selenium Timeout" library="SeleniumLibrary">
<doc>Sets the timeout that is used by various keywords.</doc>
<arguments>
<arg>50s</arg>
</arguments>
<status status="PASS" starttime="20210327 04:49:50.178" endtime="20210327 04:49:50.181"></status>
</kw>
<status status="PASS" starttime="20210327 04:49:39.617" endtime="20210327 04:49:50.181"></status>
</kw>
<kw name="Valid_Credential_Template">
<arguments>
<arg>admin</arg>
<arg>pass</arg>
<arg>English (Indian)</arg>
<arg>Flow Board</arg>
</arguments>
<kw name="Enter_Username" library="LoginPage">
<arguments>
<arg>${username}</arg>
</arguments>
<kw name="Input Text" library="SeleniumLibrary">
<doc>Types the given ``text`` into the text field identified by ``locator``.</doc>
<arguments>
<arg>${USERNAME_LOCATOR}</arg>
<arg>${username}</arg>
</arguments>
<msg timestamp="20210327 04:49:50.182" level="INFO">Typing text 'admin' into text field 'xpath=//input[@id='authUser']'.</msg>
<status status="PASS" starttime="20210327 04:49:50.182" endtime="20210327 04:49:50.657"></status>
</kw>
<status status="PASS" starttime="20210327 04:49:50.181" endtime="20210327 04:49:50.657"></status>
</kw>
<kw name="Enter_Password" library="LoginPage">
<arguments>
<arg>${password}</arg>
</arguments>
<kw name="Input Password" library="SeleniumLibrary">
<doc>Types the given password into the text field identified by ``locator``.</doc>
<arguments>
<arg>${PASSWORD_LOCATOR}</arg>
<arg>${password}</arg>
</arguments>
<msg timestamp="20210327 04:49:50.659" level="INFO">Typing password into text field 'id=clearPass'.</msg>
<msg timestamp="20210327 04:49:50.712" level="INFO">Temporally setting log level to: NONE</msg>
<msg timestamp="20210327 04:49:50.843" level="INFO">Log level changed from NONE to INFO.</msg>
<status status="PASS" starttime="20210327 04:49:50.658" endtime="20210327 04:49:50.844"></status>
</kw>
<status status="PASS" starttime="20210327 04:49:50.658" endtime="20210327 04:49:50.844"></status>
</kw>
<kw name="Select_Language_Using_Label" library="LoginPage">
<arguments>
<arg>${language}</arg>
</arguments>
<kw name="Select From List By Label" library="SeleniumLibrary">
<doc>Selects options from selection list ``locator`` by ``labels``.</doc>
<arguments>
<arg>${LANGUAGE_LOCATOR}</arg>
<arg>${language}</arg>
</arguments>
<msg timestamp="20210327 04:49:50.845" level="INFO">Selecting options from selection list 'name=languageChoice' by label English (Indian).</msg>
<status status="PASS" starttime="20210327 04:49:50.844" endtime="20210327 04:49:51.023"></status>
</kw>
<status status="PASS" starttime="20210327 04:49:50.844" endtime="20210327 04:49:51.024"></status>
</kw>
<kw name="Click_Login" library="LoginPage">
<kw name="Click Element" library="SeleniumLibrary">
<doc>Click the element identified by ``locator``.</doc>
<arguments>
<arg>${LOGIN_LOCATOR}</arg>
</arguments>
<msg timestamp="20210327 04:49:51.025" level="INFO">Clicking element 'xpath=//button[@type='submit']'.</msg>
<status status="PASS" starttime="20210327 04:49:51.025" endtime="20210327 04:49:56.490"></status>
</kw>
<status status="PASS" starttime="20210327 04:49:51.024" endtime="20210327 04:49:56.490"></status>
</kw>
<kw name="Dashboard_Page_Should_Contain" library="DashboardPage">
<arguments>
<arg>${expectedvalue}</arg>
</arguments>
<kw name="Wait Until Page Contains Element" library="SeleniumLibrary">
<doc>Waits until the element ``locator`` appears on the current page.</doc>
<arguments>
<arg>${PROFILENAME_LOCATOR}</arg>
<arg>timeout=30s</arg>
</arguments>
<status status="PASS" starttime="20210327 04:49:56.491" endtime="20210327 04:49:56.633"></status>
</kw>
<kw name="Page Should Contain" library="SeleniumLibrary">
<doc>Verifies that current page contains ``text``.</doc>
<arguments>
<arg>${expectedtext}</arg>
</arguments>
<msg timestamp="20210327 04:49:56.735" level="INFO">Current page contains text 'Flow Board'.</msg>
<status status="PASS" starttime="20210327 04:49:56.634" endtime="20210327 04:49:56.735"></status>
</kw>
<status status="PASS" starttime="20210327 04:49:56.490" endtime="20210327 04:49:56.736"></status>
</kw>
<kw name="Mouse_Over_Profile_Name" library="DashboardPage">
<kw name="Mouse Over" library="SeleniumLibrary">
<doc>Simulates hovering the mouse over the element ``locator``.</doc>
<arguments>
<arg>${PROFILENAME_LOCATOR}</arg>
</arguments>
<msg timestamp="20210327 04:49:56.737" level="INFO">Simulating Mouse Over on element 'xpath=//span[@data-bind='text:fname']'.</msg>
<status status="PASS" starttime="20210327 04:49:56.737" endtime="20210327 04:49:57.043"></status>
</kw>
<status status="PASS" starttime="20210327 04:49:56.736" endtime="20210327 04:49:57.043"></status>
</kw>
<kw name="Click_LogOut" library="DashboardPage">
<kw name="Click Element" library="SeleniumLibrary">
<doc>Click the element identified by ``locator``.</doc>
<arguments>
<arg>${LOGOUT_LOCATOR}</arg>
</arguments>
<msg timestamp="20210327 04:49:57.044" level="INFO">Clicking element 'xpath=//li[text()='Logout']'.</msg>
<status status="PASS" starttime="20210327 04:49:57.043" endtime="20210327 04:49:57.100"></status>
</kw>
<status status="PASS" starttime="20210327 04:49:57.043" endtime="20210327 04:49:57.100"></status>
</kw>
<status status="PASS" starttime="20210327 04:49:50.181" endtime="20210327 04:49:57.100"></status>
</kw>
<kw name="End_Browser" library="common_functionality" type="teardown">
<kw name="Close All Browsers" library="SeleniumLibrary">
<doc>Closes all open browsers and resets the browser cache.</doc>
<status status="PASS" starttime="20210327 04:49:57.101" endtime="20210327 04:49:59.859"></status>
</kw>
<status status="PASS" starttime="20210327 04:49:57.100" endtime="20210327 04:49:59.859"></status>
</kw>
<status status="PASS" starttime="20210327 04:49:39.616" endtime="20210327 04:49:59.859" critical="yes"></status>
</test>
<doc>This file validates the positive credentials
on the open emr demo application</doc>
<status status="PASS" starttime="20210327 04:49:39.275" endtime="20210327 04:49:59.860"></status>
</suite>
<status status="PASS" starttime="20210327 04:49:39.237" endtime="20210327 04:49:59.865"></status>
</suite>
<statistics>
<total>
<stat pass="1" fail="0">Critical Tests</stat>
<stat pass="1" fail="0">All Tests</stat>
</total>
<tag>
</tag>
<suite>
<stat pass="1" fail="0" id="s1" name="Suites">Suites</stat>
<stat pass="1" fail="0" id="s1-s1" name="Valid Credential Tests">Suites.Valid Credential Tests</stat>
</suite>
</statistics>
<errors>
</errors>
</robot>
