<?xml version="1.0" encoding="UTF-8"?>
<robot generator="Robot 3.2.2 (Python 3.9.1 on win32)" generated="20210327 04:49:39.247" rpa="false">
<suite id="s1" name="Suites">
<suite id="s1-s1" name="Invalid Credential Tests" source="D:\B-Mine\Company\Company\Ericsson\robot_workpace\OpenEmr_Test\LoginSuite\invalid_credential_tests.robot">
<test id="s1-s1-t1" name="Invalid_Credential_Test_admin12_pass1">
<kw name="Launch_Browser" library="common_functionality" type="setup">
<kw name="Append To Environment Variable" library="OperatingSystem">
<doc>Appends given ``values`` to environment variable ``name``.</doc>
<arguments>
<arg>PATH</arg>
<arg>${EXECDIR}${/}driver</arg>
</arguments>
<msg timestamp="20210327 04:50:08.355" level="INFO">Environment variable 'PATH' set to value 'C:\Program Files (x86)\Common Files\Oracle\Java\javapath;C:\WINDOWS\system32;C:\WINDOWS;C:\WINDOWS\System32\Wbem;C:\WINDOWS\System32\WindowsPowerShell\v1.0\;C:\WINDOWS\System32\OpenSSH\;C:\Program Files\Java\jdk1.8.0_281\bin;C:\Users\JiDi\AppData\Local\Android\Sdk\platform-tools;C:\Users\JiDi\AppData\Local\Android\Sdk\emulator;C:\Program Files\nodejs\;C:\Components\Maven\apache-maven-3.6.3\bin;C:\Program Files\Java\jdk1.8.0_281\bin;C:\Program Files (x86)\Windows Kits\10\Windows Performance Toolkit\;C:\Program Files\Python39;C:\Program Files\Python39\Scripts;C:\Program Files\Git\cmd;C:\Users\JiDi\AppData\Roaming\npm;D:\B-Mine\Company\Company\Ericsson\robot_workpace\OpenEmr_Test\driver'.</msg>
<status status="PASS" starttime="20210327 04:50:08.355" endtime="20210327 04:50:08.355"></status>
</kw>
<kw name="Run Keyword If" library="BuiltIn">
<doc>Runs the given keyword with the given arguments, if ``condition`` is true.</doc>
<arguments>
<arg>'${REMOTEURL}'!='NONE'</arg>
<arg>Open Browser</arg>
<arg>browser=${BROWSER}</arg>
<arg>remote_url=${REMOTEURL}</arg>
<arg>ELSE</arg>
<arg>Open Browser</arg>
<arg>browser=${BROWSER}</arg>
</arguments>
<kw name="Open Browser" library="SeleniumLibrary">
<doc>Opens a new browser instance to the optional ``url``.</doc>
<arguments>
<arg>browser=${BROWSER}</arg>
</arguments>
<msg timestamp="20210327 04:50:08.356" level="INFO">Opening browser 'chrome' to base url 'None'.</msg>
<status status="PASS" starttime="20210327 04:50:08.356" endtime="20210327 04:50:10.510"></status>
</kw>
<status status="PASS" starttime="20210327 04:50:08.355" endtime="20210327 04:50:10.510"></status>
</kw>
<kw name="Maximize Browser Window" library="SeleniumLibrary">
<doc>Maximizes current browser window.</doc>
<status status="PASS" starttime="20210327 04:50:10.510" endtime="20210327 04:50:10.836"></status>
</kw>
<kw name="Go To" library="SeleniumLibrary">
<doc>Navigates the current browser window to the provided ``url``.</doc>
<arguments>
<arg>url=${URL}</arg>
</arguments>
<msg timestamp="20210327 04:50:10.837" level="INFO">Opening url 'https://demo.openemr.io/b/openemr/interface/login/login.php?site=default'</msg>
<status status="PASS" starttime="20210327 04:50:10.836" endtime="20210327 04:50:18.920"></status>
</kw>
<kw name="Set Selenium Implicit Wait" library="SeleniumLibrary">
<doc>Sets the implicit wait value used by Selenium.</doc>
<arguments>
<arg>30s</arg>
</arguments>
<status status="PASS" starttime="20210327 04:50:18.920" endtime="20210327 04:50:18.923"></status>
</kw>
<kw name="Set Selenium Timeout" library="SeleniumLibrary">
<doc>Sets the timeout that is used by various keywords.</doc>
<arguments>
<arg>50s</arg>
</arguments>
<status status="PASS" starttime="20210327 04:50:18.923" endtime="20210327 04:50:18.924"></status>
</kw>
<status status="PASS" starttime="20210327 04:50:08.354" endtime="20210327 04:50:18.925"></status>
</kw>
<kw name="Invalid_Credential_Template">
<arguments>
<arg>admin12</arg>
<arg>pass1</arg>
<arg>English (Indian)</arg>
<arg>Invalid username or password</arg>
</arguments>
<kw name="Enter_Username" library="LoginPage">
<arguments>
<arg>${username}</arg>
</arguments>
<kw name="Input Text" library="SeleniumLibrary">
<doc>Types the given ``text`` into the text field identified by ``locator``.</doc>
<arguments>
<arg>${USERNAME_LOCATOR}</arg>
<arg>${username}</arg>
</arguments>
<msg timestamp="20210327 04:50:18.926" level="INFO">Typing text 'admin12' into text field 'xpath=//input[@id='authUser']'.</msg>
<status status="PASS" starttime="20210327 04:50:18.926" endtime="20210327 04:50:19.035"></status>
</kw>
<status status="PASS" starttime="20210327 04:50:18.926" endtime="20210327 04:50:19.035"></status>
</kw>
<kw name="Enter_Password" library="LoginPage">
<arguments>
<arg>${password}</arg>
</arguments>
<kw name="Input Password" library="SeleniumLibrary">
<doc>Types the given password into the text field identified by ``locator``.</doc>
<arguments>
<arg>${PASSWORD_LOCATOR}</arg>
<arg>${password}</arg>
</arguments>
<msg timestamp="20210327 04:50:19.036" level="INFO">Typing password into text field 'id=clearPass'.</msg>
<msg timestamp="20210327 04:50:19.090" level="INFO">Temporally setting log level to: NONE</msg>
<msg timestamp="20210327 04:50:19.156" level="INFO">Log level changed from NONE to INFO.</msg>
<status status="PASS" starttime="20210327 04:50:19.036" endtime="20210327 04:50:19.156"></status>
</kw>
<status status="PASS" starttime="20210327 04:50:19.035" endtime="20210327 04:50:19.156"></status>
</kw>
<kw name="Select_Language_Using_Label" library="LoginPage">
<arguments>
<arg>${language}</arg>
</arguments>
<kw name="Select From List By Label" library="SeleniumLibrary">
<doc>Selects options from selection list ``locator`` by ``labels``.</doc>
<arguments>
<arg>${LANGUAGE_LOCATOR}</arg>
<arg>${language}</arg>
</arguments>
<msg timestamp="20210327 04:50:19.157" level="INFO">Selecting options from selection list 'name=languageChoice' by label English (Indian).</msg>
<status status="PASS" starttime="20210327 04:50:19.157" endtime="20210327 04:50:19.251"></status>
</kw>
<status status="PASS" starttime="20210327 04:50:19.156" endtime="20210327 04:50:19.251"></status>
</kw>
<kw name="Click_Login" library="LoginPage">
<kw name="Click Element" library="SeleniumLibrary">
<doc>Click the element identified by ``locator``.</doc>
<arguments>
<arg>${LOGIN_LOCATOR}</arg>
</arguments>
<msg timestamp="20210327 04:50:19.252" level="INFO">Clicking element 'xpath=//button[@type='submit']'.</msg>
<status status="PASS" starttime="20210327 04:50:19.252" endtime="20210327 04:50:20.321"></status>
</kw>
<status status="PASS" starttime="20210327 04:50:19.251" endtime="20210327 04:50:20.321"></status>
</kw>
<kw name="Validate_Error_Message" library="LoginPage">
<arguments>
<arg>${expectedvalue}</arg>
</arguments>
<kw name="Element Should Contain" library="SeleniumLibrary">
<doc>Verifies that element ``locator`` contains text ``expected``.</doc>
<arguments>
<arg>${ERROR_LOCATOR}</arg>
<arg>${expectedvalue}</arg>
</arguments>
<msg timestamp="20210327 04:50:20.376" level="INFO">Element '//*[contains(text(),'Invalid')]' contains text 'Invalid username or password'.</msg>
<status status="PASS" starttime="20210327 04:50:20.322" endtime="20210327 04:50:20.376"></status>
</kw>
<status status="PASS" starttime="20210327 04:50:20.322" endtime="20210327 04:50:20.376"></status>
</kw>
<kw name="End_Browser" library="common_functionality" type="teardown">
<kw name="Close All Browsers" library="SeleniumLibrary">
<doc>Closes all open browsers and resets the browser cache.</doc>
<status status="PASS" starttime="20210327 04:50:20.377" endtime="20210327 04:50:22.622"></status>
</kw>
<status status="PASS" starttime="20210327 04:50:20.376" endtime="20210327 04:50:22.622"></status>
</kw>
<status status="PASS" starttime="20210327 04:50:18.925" endtime="20210327 04:50:22.623"></status>
</kw>
<status status="PASS" starttime="20210327 04:50:08.354" endtime="20210327 04:50:22.623" critical="yes"></status>
</test>
<test id="s1-s1-t2" name="Invalid_Credential_Test_bala12_pass2">
<kw name="Launch_Browser" library="common_functionality" type="setup">
<kw name="Append To Environment Variable" library="OperatingSystem">
<doc>Appends given ``values`` to environment variable ``name``.</doc>
<arguments>
<arg>PATH</arg>
<arg>${EXECDIR}${/}driver</arg>
</arguments>
<msg timestamp="20210327 04:50:22.630" level="INFO">Environment variable 'PATH' set to value 'C:\Program Files (x86)\Common Files\Oracle\Java\javapath;C:\WINDOWS\system32;C:\WINDOWS;C:\WINDOWS\System32\Wbem;C:\WINDOWS\System32\WindowsPowerShell\v1.0\;C:\WINDOWS\System32\OpenSSH\;C:\Program Files\Java\jdk1.8.0_281\bin;C:\Users\JiDi\AppData\Local\Android\Sdk\platform-tools;C:\Users\JiDi\AppData\Local\Android\Sdk\emulator;C:\Program Files\nodejs\;C:\Components\Maven\apache-maven-3.6.3\bin;C:\Program Files\Java\jdk1.8.0_281\bin;C:\Program Files (x86)\Windows Kits\10\Windows Performance Toolkit\;C:\Program Files\Python39;C:\Program Files\Python39\Scripts;C:\Program Files\Git\cmd;C:\Users\JiDi\AppData\Roaming\npm;D:\B-Mine\Company\Company\Ericsson\robot_workpace\OpenEmr_Test\driver;D:\B-Mine\Company\Company\Ericsson\robot_workpace\OpenEmr_Test\driver'.</msg>
<status status="PASS" starttime="20210327 04:50:22.628" endtime="20210327 04:50:22.630"></status>
</kw>
<kw name="Run Keyword If" library="BuiltIn">
<doc>Runs the given keyword with the given arguments, if ``condition`` is true.</doc>
<arguments>
<arg>'${REMOTEURL}'!='NONE'</arg>
<arg>Open Browser</arg>
<arg>browser=${BROWSER}</arg>
<arg>remote_url=${REMOTEURL}</arg>
<arg>ELSE</arg>
<arg>Open Browser</arg>
<arg>browser=${BROWSER}</arg>
</arguments>
<kw name="Open Browser" library="SeleniumLibrary">
<doc>Opens a new browser instance to the optional ``url``.</doc>
<arguments>
<arg>browser=${BROWSER}</arg>
</arguments>
<msg timestamp="20210327 04:50:22.633" level="INFO">Opening browser 'chrome' to base url 'None'.</msg>
<status status="PASS" starttime="20210327 04:50:22.632" endtime="20210327 04:50:23.889"></status>
</kw>
<status status="PASS" starttime="20210327 04:50:22.631" endtime="20210327 04:50:23.889"></status>
</kw>
<kw name="Maximize Browser Window" library="SeleniumLibrary">
<doc>Maximizes current browser window.</doc>
<status status="PASS" starttime="20210327 04:50:23.889" endtime="20210327 04:50:24.008"></status>
</kw>
<kw name="Go To" library="SeleniumLibrary">
<doc>Navigates the current browser window to the provided ``url``.</doc>
<arguments>
<arg>url=${URL}</arg>
</arguments>
<msg timestamp="20210327 04:50:24.009" level="INFO">Opening url 'https://demo.openemr.io/b/openemr/interface/login/login.php?site=default'</msg>
<status status="PASS" starttime="20210327 04:50:24.008" endtime="20210327 04:50:27.469"></status>
</kw>
<kw name="Set Selenium Implicit Wait" library="SeleniumLibrary">
<doc>Sets the implicit wait value used by Selenium.</doc>
<arguments>
<arg>30s</arg>
</arguments>
<status status="PASS" starttime="20210327 04:50:27.469" endtime="20210327 04:50:27.471"></status>
</kw>
<kw name="Set Selenium Timeout" library="SeleniumLibrary">
<doc>Sets the timeout that is used by various keywords.</doc>
<arguments>
<arg>50s</arg>
</arguments>
<status status="PASS" starttime="20210327 04:50:27.471" endtime="20210327 04:50:27.473"></status>
</kw>
<status status="PASS" starttime="20210327 04:50:22.627" endtime="20210327 04:50:27.474"></status>
</kw>
<kw name="Invalid_Credential_Template">
<arguments>
<arg>bala12</arg>
<arg>pass2</arg>
<arg>Dutch</arg>
<arg>Invalid username or password</arg>
</arguments>
<kw name="Enter_Username" library="LoginPage">
<arguments>
<arg>${username}</arg>
</arguments>
<kw name="Input Text" library="SeleniumLibrary">
<doc>Types the given ``text`` into the text field identified by ``locator``.</doc>
<arguments>
<arg>${USERNAME_LOCATOR}</arg>
<arg>${username}</arg>
</arguments>
<msg timestamp="20210327 04:50:27.476" level="INFO">Typing text 'bala12' into text field 'xpath=//input[@id='authUser']'.</msg>
<status status="PASS" starttime="20210327 04:50:27.476" endtime="20210327 04:50:27.579"></status>
</kw>
<status status="PASS" starttime="20210327 04:50:27.475" endtime="20210327 04:50:27.579"></status>
</kw>
<kw name="Enter_Password" library="LoginPage">
<arguments>
<arg>${password}</arg>
</arguments>
<kw name="Input Password" library="SeleniumLibrary">
<doc>Types the given password into the text field identified by ``locator``.</doc>
<arguments>
<arg>${PASSWORD_LOCATOR}</arg>
<arg>${password}</arg>
</arguments>
<msg timestamp="20210327 04:50:27.580" level="INFO">Typing password into text field 'id=clearPass'.</msg>
<msg timestamp="20210327 04:50:27.618" level="INFO">Temporally setting log level to: NONE</msg>
<msg timestamp="20210327 04:50:27.664" level="INFO">Log level changed from NONE to INFO.</msg>
<status status="PASS" starttime="20210327 04:50:27.580" endtime="20210327 04:50:27.664"></status>
</kw>
<status status="PASS" starttime="20210327 04:50:27.580" endtime="20210327 04:50:27.664"></status>
</kw>
<kw name="Select_Language_Using_Label" library="LoginPage">
<arguments>
<arg>${language}</arg>
</arguments>
<kw name="Select From List By Label" library="SeleniumLibrary">
<doc>Selects options from selection list ``locator`` by ``labels``.</doc>
<arguments>
<arg>${LANGUAGE_LOCATOR}</arg>
<arg>${language}</arg>
</arguments>
<msg timestamp="20210327 04:50:27.665" level="INFO">Selecting options from selection list 'name=languageChoice' by label Dutch.</msg>
<status status="PASS" starttime="20210327 04:50:27.665" endtime="20210327 04:50:27.735"></status>
</kw>
<status status="PASS" starttime="20210327 04:50:27.664" endtime="20210327 04:50:27.735"></status>
</kw>
<kw name="Click_Login" library="LoginPage">
<kw name="Click Element" library="SeleniumLibrary">
<doc>Click the element identified by ``locator``.</doc>
<arguments>
<arg>${LOGIN_LOCATOR}</arg>
</arguments>
<msg timestamp="20210327 04:50:27.736" level="INFO">Clicking element 'xpath=//button[@type='submit']'.</msg>
<status status="PASS" starttime="20210327 04:50:27.736" endtime="20210327 04:50:32.218"></status>
</kw>
<status status="PASS" starttime="20210327 04:50:27.735" endtime="20210327 04:50:32.218"></status>
</kw>
<kw name="Validate_Error_Message" library="LoginPage">
<arguments>
<arg>${expectedvalue}</arg>
</arguments>
<kw name="Element Should Contain" library="SeleniumLibrary">
<doc>Verifies that element ``locator`` contains text ``expected``.</doc>
<arguments>
<arg>${ERROR_LOCATOR}</arg>
<arg>${expectedvalue}</arg>
</arguments>
<msg timestamp="20210327 04:50:32.252" level="INFO">Element '//*[contains(text(),'Invalid')]' contains text 'Invalid username or password'.</msg>
<status status="PASS" starttime="20210327 04:50:32.220" endtime="20210327 04:50:32.252"></status>
</kw>
<status status="PASS" starttime="20210327 04:50:32.219" endtime="20210327 04:50:32.253"></status>
</kw>
<kw name="End_Browser" library="common_functionality" type="teardown">
<kw name="Close All Browsers" library="SeleniumLibrary">
<doc>Closes all open browsers and resets the browser cache.</doc>
<status status="PASS" starttime="20210327 04:50:32.254" endtime="20210327 04:50:34.519"></status>
</kw>
<status status="PASS" starttime="20210327 04:50:32.253" endtime="20210327 04:50:34.520"></status>
</kw>
<status status="PASS" starttime="20210327 04:50:27.474" endtime="20210327 04:50:34.521"></status>
</kw>
<status status="PASS" starttime="20210327 04:50:22.625" endtime="20210327 04:50:34.522" critical="yes"></status>
</test>
<test id="s1-s1-t3" name="Invalid_Credential_Test_john12_pass3">
<kw name="Launch_Browser" library="common_functionality" type="setup">
<kw name="Append To Environment Variable" library="OperatingSystem">
<doc>Appends given ``values`` to environment variable ``name``.</doc>
<arguments>
<arg>PATH</arg>
<arg>${EXECDIR}${/}driver</arg>
</arguments>
<msg timestamp="20210327 04:50:34.531" level="INFO">Environment variable 'PATH' set to value 'C:\Program Files (x86)\Common Files\Oracle\Java\javapath;C:\WINDOWS\system32;C:\WINDOWS;C:\WINDOWS\System32\Wbem;C:\WINDOWS\System32\WindowsPowerShell\v1.0\;C:\WINDOWS\System32\OpenSSH\;C:\Program Files\Java\jdk1.8.0_281\bin;C:\Users\JiDi\AppData\Local\Android\Sdk\platform-tools;C:\Users\JiDi\AppData\Local\Android\Sdk\emulator;C:\Program Files\nodejs\;C:\Components\Maven\apache-maven-3.6.3\bin;C:\Program Files\Java\jdk1.8.0_281\bin;C:\Program Files (x86)\Windows Kits\10\Windows Performance Toolkit\;C:\Program Files\Python39;C:\Program Files\Python39\Scripts;C:\Program Files\Git\cmd;C:\Users\JiDi\AppData\Roaming\npm;D:\B-Mine\Company\Company\Ericsson\robot_workpace\OpenEmr_Test\driver;D:\B-Mine\Company\Company\Ericsson\robot_workpace\OpenEmr_Test\driver;D:\B-Mine\Company\Company\Ericsson\robot_workpace\OpenEmr_Test\driver'.</msg>
<status status="PASS" starttime="20210327 04:50:34.529" endtime="20210327 04:50:34.531"></status>
</kw>
<kw name="Run Keyword If" library="BuiltIn">
<doc>Runs the given keyword with the given arguments, if ``condition`` is true.</doc>
<arguments>
<arg>'${REMOTEURL}'!='NONE'</arg>
<arg>Open Browser</arg>
<arg>browser=${BROWSER}</arg>
<arg>remote_url=${REMOTEURL}</arg>
<arg>ELSE</arg>
<arg>Open Browser</arg>
<arg>browser=${BROWSER}</arg>
</arguments>
<kw name="Open Browser" library="SeleniumLibrary">
<doc>Opens a new browser instance to the optional ``url``.</doc>
<arguments>
<arg>browser=${BROWSER}</arg>
</arguments>
<msg timestamp="20210327 04:50:34.535" level="INFO">Opening browser 'chrome' to base url 'None'.</msg>
<status status="PASS" starttime="20210327 04:50:34.534" endtime="20210327 04:50:36.906"></status>
</kw>
<status status="PASS" starttime="20210327 04:50:34.532" endtime="20210327 04:50:36.906"></status>
</kw>
<kw name="Maximize Browser Window" library="SeleniumLibrary">
<doc>Maximizes current browser window.</doc>
<status status="PASS" starttime="20210327 04:50:36.906" endtime="20210327 04:50:37.028"></status>
</kw>
<kw name="Go To" library="SeleniumLibrary">
<doc>Navigates the current browser window to the provided ``url``.</doc>
<arguments>
<arg>url=${URL}</arg>
</arguments>
<msg timestamp="20210327 04:50:37.030" level="INFO">Opening url 'https://demo.openemr.io/b/openemr/interface/login/login.php?site=default'</msg>
<status status="PASS" starttime="20210327 04:50:37.029" endtime="20210327 04:50:40.435"></status>
</kw>
<kw name="Set Selenium Implicit Wait" library="SeleniumLibrary">
<doc>Sets the implicit wait value used by Selenium.</doc>
<arguments>
<arg>30s</arg>
</arguments>
<status status="PASS" starttime="20210327 04:50:40.435" endtime="20210327 04:50:40.437"></status>
</kw>
<kw name="Set Selenium Timeout" library="SeleniumLibrary">
<doc>Sets the timeout that is used by various keywords.</doc>
<arguments>
<arg>50s</arg>
</arguments>
<status status="PASS" starttime="20210327 04:50:40.438" endtime="20210327 04:50:40.440"></status>
</kw>
<status status="PASS" starttime="20210327 04:50:34.528" endtime="20210327 04:50:40.440"></status>
</kw>
<kw name="Invalid_Credential_Template">
<arguments>
<arg>john12</arg>
<arg>pass3</arg>
<arg>Dutch</arg>
<arg>Invalid username or password</arg>
</arguments>
<kw name="Enter_Username" library="LoginPage">
<arguments>
<arg>${username}</arg>
</arguments>
<kw name="Input Text" library="SeleniumLibrary">
<doc>Types the given ``text`` into the text field identified by ``locator``.</doc>
<arguments>
<arg>${USERNAME_LOCATOR}</arg>
<arg>${username}</arg>
</arguments>
<msg timestamp="20210327 04:50:40.443" level="INFO">Typing text 'john12' into text field 'xpath=//input[@id='authUser']'.</msg>
<status status="PASS" starttime="20210327 04:50:40.443" endtime="20210327 04:50:40.550"></status>
</kw>
<status status="PASS" starttime="20210327 04:50:40.442" endtime="20210327 04:50:40.550"></status>
</kw>
<kw name="Enter_Password" library="LoginPage">
<arguments>
<arg>${password}</arg>
</arguments>
<kw name="Input Password" library="SeleniumLibrary">
<doc>Types the given password into the text field identified by ``locator``.</doc>
<arguments>
<arg>${PASSWORD_LOCATOR}</arg>
<arg>${password}</arg>
</arguments>
<msg timestamp="20210327 04:50:40.551" level="INFO">Typing password into text field 'id=clearPass'.</msg>
<msg timestamp="20210327 04:50:40.589" level="INFO">Temporally setting log level to: NONE</msg>
<msg timestamp="20210327 04:50:40.630" level="INFO">Log level changed from NONE to INFO.</msg>
<status status="PASS" starttime="20210327 04:50:40.551" endtime="20210327 04:50:40.630"></status>
</kw>
<status status="PASS" starttime="20210327 04:50:40.551" endtime="20210327 04:50:40.630"></status>
</kw>
<kw name="Select_Language_Using_Label" library="LoginPage">
<arguments>
<arg>${language}</arg>
</arguments>
<kw name="Select From List By Label" library="SeleniumLibrary">
<doc>Selects options from selection list ``locator`` by ``labels``.</doc>
<arguments>
<arg>${LANGUAGE_LOCATOR}</arg>
<arg>${language}</arg>
</arguments>
<msg timestamp="20210327 04:50:40.631" level="INFO">Selecting options from selection list 'name=languageChoice' by label Dutch.</msg>
<status status="PASS" starttime="20210327 04:50:40.631" endtime="20210327 04:50:40.697"></status>
</kw>
<status status="PASS" starttime="20210327 04:50:40.630" endtime="20210327 04:50:40.697"></status>
</kw>
<kw name="Click_Login" library="LoginPage">
<kw name="Click Element" library="SeleniumLibrary">
<doc>Click the element identified by ``locator``.</doc>
<arguments>
<arg>${LOGIN_LOCATOR}</arg>
</arguments>
<msg timestamp="20210327 04:50:40.698" level="INFO">Clicking element 'xpath=//button[@type='submit']'.</msg>
<status status="PASS" starttime="20210327 04:50:40.698" endtime="20210327 04:50:44.456"></status>
</kw>
<status status="PASS" starttime="20210327 04:50:40.697" endtime="20210327 04:50:44.456"></status>
</kw>
<kw name="Validate_Error_Message" library="LoginPage">
<arguments>
<arg>${expectedvalue}</arg>
</arguments>
<kw name="Element Should Contain" library="SeleniumLibrary">
<doc>Verifies that element ``locator`` contains text ``expected``.</doc>
<arguments>
<arg>${ERROR_LOCATOR}</arg>
<arg>${expectedvalue}</arg>
</arguments>
<msg timestamp="20210327 04:50:44.489" level="INFO">Element '//*[contains(text(),'Invalid')]' contains text 'Invalid username or password'.</msg>
<status status="PASS" starttime="20210327 04:50:44.457" endtime="20210327 04:50:44.489"></status>
</kw>
<status status="PASS" starttime="20210327 04:50:44.456" endtime="20210327 04:50:44.489"></status>
</kw>
<kw name="End_Browser" library="common_functionality" type="teardown">
<kw name="Close All Browsers" library="SeleniumLibrary">
<doc>Closes all open browsers and resets the browser cache.</doc>
<status status="PASS" starttime="20210327 04:50:44.490" endtime="20210327 04:50:47.842"></status>
</kw>
<status status="PASS" starttime="20210327 04:50:44.489" endtime="20210327 04:50:47.843"></status>
</kw>
<status status="PASS" starttime="20210327 04:50:40.441" endtime="20210327 04:50:47.843"></status>
</kw>
<status status="PASS" starttime="20210327 04:50:34.525" endtime="20210327 04:50:47.844" critical="yes"></status>
</test>
<doc>This file test the invalid credentail error details</doc>
<status status="PASS" starttime="20210327 04:49:39.288" endtime="20210327 04:50:47.848"></status>
</suite>
<status status="PASS" starttime="20210327 04:49:39.250" endtime="20210327 04:50:47.857"></status>
</suite>
<statistics>
<total>
<stat pass="3" fail="0">Critical Tests</stat>
<stat pass="3" fail="0">All Tests</stat>
</total>
<tag>
</tag>
<suite>
<stat pass="3" fail="0" id="s1" name="Suites">Suites</stat>
<stat pass="3" fail="0" id="s1-s1" name="Invalid Credential Tests">Suites.Invalid Credential Tests</stat>
</suite>
</statistics>
<errors>
</errors>
</robot>
